<?xml version="1.0" encoding="UTF-8"?>
<testng-results ignored="0" total="1" passed="1" failed="0" skipped="0">
  <reporter-output>
  </reporter-output>
  <suite started-at="2025-04-23T16:38:49 IST" name="Default suite" finished-at="2025-04-23T16:39:37 IST" duration-ms="47888">
    <groups>
    </groups>
    <test started-at="2025-04-23T16:38:49 IST" name="Default test" finished-at="2025-04-23T16:39:37 IST" duration-ms="47888">
      <class name="jquery.NewTest">
        <test-method is-config="true" signature="beforeClass()[pri:0, instance:jquery.NewTest@248e319b]" started-at="2025-04-23T16:38:49 IST" name="beforeClass" finished-at="2025-04-23T16:39:32 IST" duration-ms="42960" status="PASS">
          <reporter-output>
          </reporter-output>
        </test-method> <!-- beforeClass -->
        <test-method signature="f()[pri:0, instance:jquery.NewTest@248e319b]" started-at="2025-04-23T16:39:32 IST" name="f" finished-at="2025-04-23T16:39:35 IST" duration-ms="2529" status="PASS">
          <reporter-output>
          </reporter-output>
        </test-method> <!-- f -->
        <test-method is-config="true" signature="afterClass()[pri:0, instance:jquery.NewTest@248e319b]" started-at="2025-04-23T16:39:35 IST" name="afterClass" finished-at="2025-04-23T16:39:37 IST" duration-ms="2344" status="PASS">
          <reporter-output>
          </reporter-output>
        </test-method> <!-- afterClass -->
      </class> <!-- jquery.NewTest -->
    </test> <!-- Default test -->
  </suite> <!-- Default suite -->
</testng-results>
