<?xml version="1.0" encoding="UTF-8"?>
<testng-results ignored="0" total="1" passed="1" failed="0" skipped="0">
  <reporter-output>
  </reporter-output>
  <suite started-at="2025-04-23T15:21:20 IST" name="Default suite" finished-at="2025-04-23T15:21:45 IST" duration-ms="25312">
    <groups>
    </groups>
    <test started-at="2025-04-23T15:21:20 IST" name="Default test" finished-at="2025-04-23T15:21:45 IST" duration-ms="25312">
      <class name="rediff.NewTest">
        <test-method is-config="true" signature="beforeClass()[pri:0, instance:rediff.NewTest@248e319b]" started-at="2025-04-23T15:21:20 IST" name="beforeClass" finished-at="2025-04-23T15:21:40 IST" duration-ms="20374" status="PASS">
          <reporter-output>
          </reporter-output>
        </test-method> <!-- beforeClass -->
        <test-method signature="f()[pri:0, instance:rediff.NewTest@248e319b]" started-at="2025-04-23T15:21:40 IST" name="f" finished-at="2025-04-23T15:21:44 IST" duration-ms="4391" status="PASS">
          <reporter-output>
          </reporter-output>
        </test-method> <!-- f -->
        <test-method is-config="true" signature="afterClass()[pri:0, instance:rediff.NewTest@248e319b]" started-at="2025-04-23T15:21:45 IST" name="afterClass" finished-at="2025-04-23T15:21:45 IST" duration-ms="476" status="PASS">
          <reporter-output>
          </reporter-output>
        </test-method> <!-- afterClass -->
      </class> <!-- rediff.NewTest -->
    </test> <!-- Default test -->
  </suite> <!-- Default suite -->
</testng-results>
