<?xml version="1.0" encoding="UTF-8"?>
<!-- Generated by org.testng.reporters.JUnitXMLReporter -->
<testsuite ignored="0" hostname="WKSPUN05GTR0521" failures="0" tests="7" name="Default test" time="60.679" errors="0" timestamp="2025-04-26T15:26:01 IST">
  <testcase classname="com.lib.pack1test.NewTest" name="f" time="10.308"/>
  <testcase classname="com.lib.pack1test.NewTest" name="f1" time="6.817"/>
  <testcase classname="com.lib.pack1test.NewTest" name="f2" time="5.154"/>
  <testcase classname="com.lib.pack1test.NewTest" name="f3" time="5.114"/>
  <testcase classname="com.lib.pack1test.NewTest" name="f4" time="5.123"/>
  <testcase classname="com.lib.pack1test.NewTest" name="f5" time="5.172"/>
  <testcase classname="com.lib.pack1test.NewTest" name="f6" time="5.361"/>
</testsuite> <!-- Default test -->
