<?xml version="1.0" encoding="UTF-8"?>
<testng-results ignored="0" total="7" passed="7" failed="0" skipped="0">
  <reporter-output>
  </reporter-output>
  <suite started-at="2025-04-26T15:25:01 IST" name="Default suite" finished-at="2025-04-26T15:26:01 IST" duration-ms="60679">
    <groups>
    </groups>
    <test started-at="2025-04-26T15:25:01 IST" name="Default test" finished-at="2025-04-26T15:26:01 IST" duration-ms="60679">
      <class name="com.lib.pack1test.NewTest">
        <test-method is-config="true" signature="beforeClass()[pri:0, instance:com.lib.pack1test.NewTest@2d901eb0]" started-at="2025-04-26T15:25:01 IST" name="beforeClass" finished-at="2025-04-26T15:25:07 IST" duration-ms="5717" status="PASS">
          <reporter-output>
          </reporter-output>
        </test-method> <!-- beforeClass -->
        <test-method signature="f()[pri:1, instance:com.lib.pack1test.NewTest@2d901eb0]" started-at="2025-04-26T15:25:07 IST" name="f" finished-at="2025-04-26T15:25:17 IST" duration-ms="10308" status="PASS">
          <reporter-output>
          </reporter-output>
        </test-method> <!-- f -->
        <test-method signature="f1()[pri:2, instance:com.lib.pack1test.NewTest@2d901eb0]" started-at="2025-04-26T15:25:17 IST" name="f1" finished-at="2025-04-26T15:25:24 IST" duration-ms="6817" status="PASS">
          <reporter-output>
          </reporter-output>
        </test-method> <!-- f1 -->
        <test-method signature="f2()[pri:3, instance:com.lib.pack1test.NewTest@2d901eb0]" started-at="2025-04-26T15:25:24 IST" name="f2" finished-at="2025-04-26T15:25:29 IST" duration-ms="5154" status="PASS">
          <reporter-output>
          </reporter-output>
        </test-method> <!-- f2 -->
        <test-method signature="f3()[pri:4, instance:com.lib.pack1test.NewTest@2d901eb0]" started-at="2025-04-26T15:25:29 IST" name="f3" finished-at="2025-04-26T15:25:34 IST" duration-ms="5114" status="PASS">
          <reporter-output>
          </reporter-output>
        </test-method> <!-- f3 -->
        <test-method signature="f4()[pri:5, instance:com.lib.pack1test.NewTest@2d901eb0]" started-at="2025-04-26T15:25:34 IST" name="f4" finished-at="2025-04-26T15:25:39 IST" duration-ms="5123" status="PASS">
          <reporter-output>
          </reporter-output>
        </test-method> <!-- f4 -->
        <test-method signature="f5()[pri:6, instance:com.lib.pack1test.NewTest@2d901eb0]" started-at="2025-04-26T15:25:39 IST" name="f5" finished-at="2025-04-26T15:25:44 IST" duration-ms="5172" status="PASS">
          <reporter-output>
          </reporter-output>
        </test-method> <!-- f5 -->
        <test-method signature="f6()[pri:7, instance:com.lib.pack1test.NewTest@2d901eb0]" started-at="2025-04-26T15:25:44 IST" name="f6" finished-at="2025-04-26T15:25:50 IST" duration-ms="5361" status="PASS">
          <reporter-output>
          </reporter-output>
        </test-method> <!-- f6 -->
        <test-method is-config="true" signature="afterClass()[pri:0, instance:com.lib.pack1test.NewTest@2d901eb0]" started-at="2025-04-26T15:25:50 IST" name="afterClass" finished-at="2025-04-26T15:26:01 IST" duration-ms="11847" status="PASS">
          <reporter-output>
          </reporter-output>
        </test-method> <!-- afterClass -->
      </class> <!-- com.lib.pack1test.NewTest -->
    </test> <!-- Default test -->
  </suite> <!-- Default suite -->
</testng-results>
