<?xml version="1.0" encoding="UTF-8"?>
<!-- Generated by org.testng.reporters.JUnitXMLReporter -->
<testsuite ignored="2" hostname="WKSPUN05GTR0521" failures="0" tests="2" name="Test" time="0.072" errors="0" timestamp="2025-04-25T15:27:35 IST">
  <testcase classname="JsExec.NewTest" name="m1" time="0.009"/>
  <testcase classname="JsExec.NewTest" name="m2" time="0.002"/>
  <testcase classname="jquery.NewTest" name="f" time="0.0">
    <ignored/>
  </testcase> <!-- f -->
  <testcase classname="JsExec.NewTest" name="f" time="0.0">
    <ignored/>
  </testcase> <!-- f -->
</testsuite> <!-- Test -->
